<?xml version="1.0" encoding="UTF-8"?>
<!-- Generated by org.testng.reporters.JUnitReportReporter -->
<testsuite skipped="1" hostname="Braidens-MacBook-Pro.local" name="pages.HomePageTest" tests="2" failures="0" timestamp="03 Nov 2022 03:08:47 GMT" time="35.668" errors="0">
  <testcase name="logInAccountParameterTest" time="35.668" classname="pages.HomePageTest"/>
  <testcase name="logInAccountTest" classname="pages.HomePageTest">
    <skipped/>
  </testcase> <!-- logInAccountTest -->
</testsuite> <!-- pages.HomePageTest -->
