<?xml version="1.0" encoding="UTF-8"?>
<!-- Generated by org.testng.reporters.JUnitReportReporter -->
<testsuite skipped="1" hostname="Braidens-MacBook-Pro.local" name="pages.HomePageTest" tests="2" failures="0" timestamp="10 Nov 2022 23:39:03 GMT" time="37.953" errors="0">
  <testcase name="logInAccountParameterTest" time="37.953" classname="pages.HomePageTest"/>
  <testcase name="logInAccountTest" classname="pages.HomePageTest">
    <skipped/>
  </testcase> <!-- logInAccountTest -->
</testsuite> <!-- pages.HomePageTest -->
