<?xml version="1.0" encoding="UTF-8"?>
<!-- Generated by org.testng.reporters.JUnitReportReporter -->
<testsuite skipped="0" hostname="Braidens-MacBook-Pro.local" name="pages.HomePageTest" tests="1" failures="0" timestamp="28 Oct 2022 22:29:39 GMT" time="7.504" errors="0">
  <testcase name="testing" time="7.504" classname="pages.HomePageTest"/>
</testsuite> <!-- pages.HomePageTest -->
