<?xml version="1.0" encoding="UTF-8"?>
<!-- Generated by org.testng.reporters.JUnitReportReporter -->
<testsuite skipped="1" hostname="Braidens-MacBook-Pro.local" name="pages.HomePageTest" tests="2" failures="0" timestamp="27 Dec 2022 01:37:23 GMT" time="34.098" errors="0">
  <testcase name="logInAccountTest" time="34.098" classname="pages.HomePageTest"/>
  <testcase name="logInAccountParameterTest" classname="pages.HomePageTest">
    <skipped/>
  </testcase> <!-- logInAccountParameterTest -->
</testsuite> <!-- pages.HomePageTest -->
