<?xml version="1.0" encoding="UTF-8"?>
<!-- Generated by org.testng.reporters.JUnitReportReporter -->
<testsuite skipped="1" hostname="Braidens-MacBook-Pro.local" name="pages.HomePageTest" tests="2" failures="0" timestamp="12 Nov 2022 22:48:37 GMT" time="34.667" errors="0">
  <testcase name="logInAccountParameterTest" time="34.667" classname="pages.HomePageTest"/>
  <testcase name="logInAccountTest" classname="pages.HomePageTest">
    <skipped/>
  </testcase> <!-- logInAccountTest -->
</testsuite> <!-- pages.HomePageTest -->
