<?xml version="1.0" encoding="UTF-8"?>
<!-- Generated by org.testng.reporters.JUnitReportReporter -->
<testsuite skipped="0" hostname="Braidens-MacBook-Pro.local" name="pages.HomePageTest" tests="1" failures="0" timestamp="01 Nov 2022 21:56:10 GMT" time="18.197" errors="0">
  <testcase name="testing" time="18.197" classname="pages.HomePageTest"/>
</testsuite> <!-- pages.HomePageTest -->
